#
# A fatal error has been detected by the Java Runtime Environment:
#
#  SIGSEGV (0xb) at pc=0x00007efd170d1b45, pid=91076, tid=91132
#
# JRE version: OpenJDK Runtime Environment Temurin-17.0.3+7 (17.0.3+7) (build 17.0.3+7)
# Java VM: OpenJDK 64-Bit Server VM Temurin-17.0.3+7 (17.0.3+7, mixed mode, tiered, compressed oops, compressed class ptrs, parallel gc, linux-amd64)
# Problematic frame:
# V  [libjvm.so+0x3bab45]  AddPNode::Value(PhaseGVN*) const+0x35
#
# Core dump will be written. Default location: Core dumps may be processed with "/lib/systemd/systemd-coredump %P %u %g %s %t 9223372036854775808 %h" (or dumping to /home/lucas/Downloads/ImersãoJava/linguagens-api/core.91076)
#
# If you would like to submit a bug report, please visit:
#   https://github.com/adoptium/adoptium-support/issues
#

---------------  S U M M A R Y ------------

Command Line: --add-modules=ALL-SYSTEM --add-opens=java.base/java.util=ALL-UNNAMED --add-opens=java.base/java.lang=ALL-UNNAMED --add-opens=java.base/sun.nio.fs=ALL-UNNAMED -Declipse.application=org.eclipse.jdt.ls.core.id1 -Dosgi.bundles.defaultStartLevel=4 -Declipse.product=org.eclipse.jdt.ls.core.product -Djava.import.generatesMetadataFilesAtProjectRoot=false -Dfile.encoding=utf8 -XX:+UseParallelGC -XX:GCTimeRatio=4 -XX:AdaptiveSizePolicyWeight=90 -Dsun.zip.disableMemoryMapping=true -Xmx1G -Xms100m -javaagent:/home/lucas/.vscode/extensions/redhat.java-1.9.0-linux-x64/lombok/lombok-1.18.24.jar -XX:+HeapDumpOnOutOfMemoryError -XX:HeapDumpPath=/home/lucas/.config/Code/User/workspaceStorage/813819e69ab87ec4b1d8f518166e6765/redhat.java /home/lucas/.vscode/extensions/redhat.java-1.9.0-linux-x64/server/plugins/org.eclipse.equinox.launcher_1.6.400.v20210924-0641.jar -configuration /home/lucas/.config/Code/User/globalStorage/redhat.java/1.9.0/config_linux -data /home/lucas/.config/Code/User/workspaceStorage/813819e69ab87ec4b1d8f518166e6765/redhat.java/jdt_ws

Host: AMD Ryzen 3 3300X 4-Core Processor, 8 cores, 15G, Linux Mint 20 Ulyana
Time: Fri Jul 29 00:31:02 2022 -03 elapsed time: 0.475876 seconds (0d 0h 0m 0s)

---------------  T H R E A D  ---------------

Current thread (0x00007efcd00cff70):  JavaThread "C2 CompilerThread1" daemon [_thread_in_native, id=91132, stack(0x00007efcf6c7e000,0x00007efcf6d7f000)]


Current CompileTask:
C2:    475  725       4       jdk.internal.org.objectweb.asm.ByteVector::putUTF8 (144 bytes)

Stack: [0x00007efcf6c7e000,0x00007efcf6d7f000],  sp=0x00007efcf6d7bef8,  free space=1015k
Native frames: (J=compiled Java code, j=interpreted, Vv=VM code, C=native code)
V  [libjvm.so+0x3bab45]  AddPNode::Value(PhaseGVN*) const+0x35
V  [libjvm.so+0x3ba8b7]  AddPNode::Ideal(PhaseGVN*, bool)+0x457
V  [libjvm.so+0xc5a8fb]  PhaseGVN::transform_no_reclaim(Node*)+0x4b
V  [libjvm.so+0xc3c7cd]  Parse::array_store(BasicType)+0x3d
V  [libjvm.so+0xc37f08]  Parse::do_one_block()+0x208
V  [libjvm.so+0xc38335]  Parse::do_all_blocks()+0xe5
V  [libjvm.so+0xc3b7cc]  Parse::Parse(JVMState*, ciMethod*, float)+0x79c
V  [libjvm.so+0x510e2b]  ParseGenerator::generate(JVMState*)+0x8b
V  [libjvm.so+0x5cf9e5]  Compile::Compile(ciEnv*, ciMethod*, int, bool, bool, bool, bool, bool, DirectiveSet*)+0xcb5
V  [libjvm.so+0x50fb69]  C2Compiler::compile_method(ciEnv*, ciMethod*, int, bool, DirectiveSet*)+0xe9
V  [libjvm.so+0x5d8bc8]  CompileBroker::invoke_compiler_on_method(CompileTask*)+0xf68
V  [libjvm.so+0x5d9808]  CompileBroker::compiler_thread_loop()+0x4b8
V  [libjvm.so+0xe54904]  JavaThread::thread_main_inner()+0x184
V  [libjvm.so+0xe5805e]  Thread::call_run()+0xde
V  [libjvm.so+0xc120f1]  thread_native_entry(Thread*)+0xe1


siginfo: si_signo: 11 (SIGSEGV), si_code: 1 (SEGV_MAPERR), si_addr: 0x0000000000000020

Register to memory mapping:

RAX=0x0 is NULL
RBX=0x0000000000000201 is an unknown value
RCX=0x0000000000000015 is an unknown value
RDX=0x00007efd18046788: <offset 0x000000000132f788> in /home/lucas/.vscode/extensions/redhat.java-1.9.0-linux-x64/jre/17.0.3-linux-x86_64/lib/server/libjvm.so at 0x00007efd16d17000
RSP=0x00007efcf6d7bef8 is pointing into the stack for thread: 0x00007efcd00cff70
RBP=0x00007efcf6d7bf30 is pointing into the stack for thread: 0x00007efcd00cff70
RSI=0x00007efcf6d7c510 is pointing into the stack for thread: 0x00007efcd00cff70
RDI=0x00007efcdc3ae830 points into unknown readable memory: 0x00007efd17f21f60 | 60 1f f2 17 fd 7e 00 00
R8 =0x00007efcdc019d68 points into unknown readable memory: 0x00007efd17f21498 | 98 14 f2 17 fd 7e 00 00
R9 =0x0 is NULL
R10=0x00007efcdc0fbcb8 points into unknown readable memory: 0x00007efd17f9bb60 | 60 bb f9 17 fd 7e 00 00
R11=0x00007efcd0384f90 points into unknown readable memory: 0x0000000000000000 | 00 00 00 00 00 00 00 00
R12=0x00007efd17ffb050: <offset 0x00000000012e4050> in /home/lucas/.vscode/extensions/redhat.java-1.9.0-linux-x64/jre/17.0.3-linux-x86_64/lib/server/libjvm.so at 0x00007efd16d17000
R13=0x00007efcd0384f38 points into unknown readable memory: 0x00007efd17f9e4a8 | a8 e4 f9 17 fd 7e 00 00
R14=0x00007efcf6d7c510 is pointing into the stack for thread: 0x00007efcd00cff70
R15=0x00007efcd0384f38 points into unknown readable memory: 0x00007efd17f9e4a8 | a8 e4 f9 17 fd 7e 00 00


Registers:
RAX=0x0000000000000000, RBX=0x0000000000000201, RCX=0x0000000000000015, RDX=0x00007efd18046788
RSP=0x00007efcf6d7bef8, RBP=0x00007efcf6d7bf30, RSI=0x00007efcf6d7c510, RDI=0x00007efcdc3ae830
R8 =0x00007efcdc019d68, R9 =0x0000000000000000, R10=0x00007efcdc0fbcb8, R11=0x00007efcd0384f90
R12=0x00007efd17ffb050, R13=0x00007efcd0384f38, R14=0x00007efcf6d7c510, R15=0x00007efcd0384f38
RIP=0x00007efd170d1b45, EFLAGS=0x0000000000010283, CSGSFS=0x002b000000000033, ERR=0x0000000000000004
  TRAPNO=0x000000000000000e

Top of Stack: (sp=0x00007efcf6d7bef8)
0x00007efcf6d7bef8:   00007efd1797196b 00007efcf6d7cf60
0x00007efcf6d7bf08:   00007efcd0384ee0 00007efcf6d7c510
0x00007efcf6d7bf18:   00007efcdc0f93a0 00007efcdc0f8a58
0x00007efcf6d7bf28:   00007efcdc0f8a58 00007efcf6d7bfa0 

Instructions: (pc=0x00007efd170d1b45)
0x00007efd170d1a45:   fd ff ff 0f 1f 84 00 00 00 00 00 55 48 89 e5 41
0x00007efd170d1a55:   54 53 48 8b 47 08 48 89 fb 48 8b 78 10 48 85 ff
0x00007efd170d1a65:   74 79 48 8b 07 ff 50 28 49 89 c4 8b 40 10 83 e8
0x00007efd170d1a75:   11 83 f8 06 77 4d 4d 85 e4 74 48 48 8b 43 08 48
0x00007efd170d1a85:   8b 78 18 48 8b 07 ff 50 28 48 8d 15 f3 4c f7 00
0x00007efd170d1a95:   48 39 02 74 56 48 8b 70 20 48 39 70 18 48 c7 c0
0x00007efd170d1aa5:   ff 6b ca 88 4c 89 e7 5b 48 0f 45 f0 49 8b 04 24
0x00007efd170d1ab5:   41 5c 5d 48 8b 80 c0 00 00 00 ff e0 0f 1f 80 00
0x00007efd170d1ac5:   00 00 00 48 8d 05 b9 4c f7 00 5b 41 5c 5d 48 8b
0x00007efd170d1ad5:   00 c3 66 0f 1f 84 00 00 00 00 00 48 8d 05 99 4a
0x00007efd170d1ae5:   f7 00 5b 41 5c 5d 48 8b 00 c3 90 49 8b 04 24 5b
0x00007efd170d1af5:   4c 89 e7 48 c7 c6 00 6c ca 88 41 5c 5d 48 8b 80
0x00007efd170d1b05:   c0 00 00 00 ff e0 90 0f 1f 40 00 48 8b 57 08 48
0x00007efd170d1b15:   8b 46 50 48 8b 4a 10 48 8b 52 18 8b 49 28 8b 52
0x00007efd170d1b25:   28 48 8b 3c c8 48 8b 04 d0 48 8d 15 53 4c f7 00
0x00007efd170d1b35:   4c 8b 02 49 39 c0 74 33 49 39 f8 74 2e 8b 4f 10
0x00007efd170d1b45:   48 8b 70 20 8d 51 ef 83 fa 07 ba 00 00 00 00 48
0x00007efd170d1b55:   0f 43 fa 48 39 70 18 48 c7 c0 ff 6b ca 88 48 0f
0x00007efd170d1b65:   45 f0 48 8b 07 ff a0 c0 00 00 00 4c 89 c0 c3 66
0x00007efd170d1b75:   66 2e 0f 1f 84 00 00 00 00 00 90 55 48 89 e5 41
0x00007efd170d1b85:   54 53 8b 47 2c 48 89 d3 25 ff 03 00 00 3d 00 02
0x00007efd170d1b95:   00 00 75 37 48 8b 47 08 49 89 f0 48 8b 50 08 4c
0x00007efd170d1ba5:   8b 60 10 49 39 d4 74 07 48 83 7a 10 00 75 1c 48
0x00007efd170d1bb5:   8b 70 18 4c 89 c7 e8 d0 b8 89 00 48 85 c0 74 0b
0x00007efd170d1bc5:   48 8b 50 18 48 3b 50 20 74 19 90 48 c7 03 ff 6b
0x00007efd170d1bd5:   ca 88 45 31 e4 4c 89 e0 5b 41 5c 5d c3 66 0f 1f
0x00007efd170d1be5:   44 00 00 48 89 13 48 81 fa ff 6b ca 88 75 e6 eb
0x00007efd170d1bf5:   da 66 2e 0f 1f 84 00 00 00 00 00 8b 47 2c 89 d1
0x00007efd170d1c05:   48 8b 57 08 25 ff 03 00 00 4c 8b 4a 08 3d 00 02
0x00007efd170d1c15:   00 00 75 51 83 e9 01 b8 01 00 00 00 48 83 c1 01
0x00007efd170d1c25:   0f 1f 00 48 8b 52 18 41 89 c0 48 89 54 c6 f8 48
0x00007efd170d1c35:   39 c1 74 27 48 8b 57 08 48 83 c0 01 48 8b 7a 10 


Stack slot to memory mapping:
stack at sp + 0 slots: 0x00007efd1797196b: <offset 0x0000000000c5a96b> in /home/lucas/.vscode/extensions/redhat.java-1.9.0-linux-x64/jre/17.0.3-linux-x86_64/lib/server/libjvm.so at 0x00007efd16d17000
stack at sp + 1 slots: 0x00007efcf6d7cf60 is pointing into the stack for thread: 0x00007efcd00cff70
stack at sp + 2 slots: 0x00007efcd0384ee0 points into unknown readable memory: 0x00007efd17f9e4a8 | a8 e4 f9 17 fd 7e 00 00
stack at sp + 3 slots: 0x00007efcf6d7c510 is pointing into the stack for thread: 0x00007efcd00cff70
stack at sp + 4 slots: 0x00007efcdc0f93a0 points into unknown readable memory: 0x00007efd17f9e4a8 | a8 e4 f9 17 fd 7e 00 00
stack at sp + 5 slots: 0x00007efcdc0f8a58 points into unknown readable memory: 0x00007efd17f9fb00 | 00 fb f9 17 fd 7e 00 00
stack at sp + 6 slots: 0x00007efcdc0f8a58 points into unknown readable memory: 0x00007efd17f9fb00 | 00 fb f9 17 fd 7e 00 00
stack at sp + 7 slots: 0x00007efcf6d7bfa0 is pointing into the stack for thread: 0x00007efcd00cff70


---------------  P R O C E S S  ---------------

Threads class SMR info:
_java_thread_list=0x00007efd1048e880, length=14, elements={
0x00007efd10025cb0, 0x00007efd101e50b0, 0x00007efd101e6620, 0x00007efd1020ea50,
0x00007efd10212360, 0x00007efd102132b0, 0x00007efd10214900, 0x00007efd10215db0,
0x00007efd10216e00, 0x00007efd1027c220, 0x00007efd1037e140, 0x00007efcd00cff70,
0x00007efcd0185a20, 0x00007efd1048ddd0
}

Java Threads: ( => current thread )
  0x00007efd10025cb0 JavaThread "main" [_thread_in_vm, id=91077, stack(0x00007efd16abd000,0x00007efd16bbe000)]
  0x00007efd101e50b0 JavaThread "Reference Handler" daemon [_thread_blocked, id=91081, stack(0x00007efcf7cfc000,0x00007efcf7dfd000)]
  0x00007efd101e6620 JavaThread "Finalizer" daemon [_thread_blocked, id=91082, stack(0x00007efcf7bfb000,0x00007efcf7cfc000)]
  0x00007efd1020ea50 JavaThread "Signal Dispatcher" daemon [_thread_blocked, id=91091, stack(0x00007efcf7588000,0x00007efcf7689000)]
  0x00007efd10212360 JavaThread "Service Thread" daemon [_thread_blocked, id=91092, stack(0x00007efcf7487000,0x00007efcf7588000)]
  0x00007efd102132b0 JavaThread "Monitor Deflation Thread" daemon [_thread_blocked, id=91093, stack(0x00007efcf7386000,0x00007efcf7487000)]
  0x00007efd10214900 JavaThread "C2 CompilerThread0" daemon [_thread_blocked, id=91094, stack(0x00007efcf7285000,0x00007efcf7386000)]
  0x00007efd10215db0 JavaThread "C1 CompilerThread0" daemon [_thread_in_native, id=91096, stack(0x00007efcf7184000,0x00007efcf7285000)]
  0x00007efd10216e00 JavaThread "Sweeper thread" daemon [_thread_blocked, id=91097, stack(0x00007efcf7083000,0x00007efcf7184000)]
  0x00007efd1027c220 JavaThread "Common-Cleaner" daemon [_thread_blocked, id=91100, stack(0x00007efcf6f82000,0x00007efcf7083000)]
  0x00007efd1037e140 JavaThread "Notification Thread" daemon [_thread_blocked, id=91130, stack(0x00007efcf6e81000,0x00007efcf6f82000)]
=>0x00007efcd00cff70 JavaThread "C2 CompilerThread1" daemon [_thread_in_native, id=91132, stack(0x00007efcf6c7e000,0x00007efcf6d7f000)]
  0x00007efcd0185a20 JavaThread "C2 CompilerThread2" daemon [_thread_blocked, id=91133, stack(0x00007efcf6b7d000,0x00007efcf6c7e000)]
  0x00007efd1048ddd0 JavaThread "process reaper" daemon [_thread_blocked, id=91144, stack(0x00007efd14085000,0x00007efd140a7000)]

Other Threads:
  0x00007efd101d50e0 VMThread "VM Thread" [stack: 0x00007efcf7dff000,0x00007efcf7eff000] [id=91080]
  0x00007efd10070000 WatcherThread [stack: 0x00007efcf6d81000,0x00007efcf6e81000] [id=91131]
  0x00007efd1003c9d0 GCTaskThread "GC Thread#0" [stack: 0x00007efd1656f000,0x00007efd1666f000] [id=91078]

Threads with active compile tasks:
C1 CompilerThread0      480  799       3       java.util.ArrayDeque::pollFirst (36 bytes)
C2 CompilerThread1      480  725       4       jdk.internal.org.objectweb.asm.ByteVector::putUTF8 (144 bytes)

VM state: not at safepoint (normal execution)

VM Mutex/Monitor currently owned by a thread:  ([mutex/lock_event])
[0x00007efd10023550] MethodCompileQueue_lock - owner thread: 0x00007efd10025cb0

Heap address: 0x00000000c0000000, size: 1024 MB, Compressed Oops mode: 32-bit

CDS archive(s) not mapped
Compressed class space mapped at: 0x0000000100000000-0x0000000140000000, reserved size: 1073741824
Narrow klass base: 0x0000000000000000, Narrow klass shift: 3, Narrow klass range: 0x140000000

GC Precious Log:
 CPUs: 8 total, 8 available
 Memory: 15934M
 Large Page Support: Disabled
 NUMA Support: Disabled
 Compressed Oops: Enabled (32-bit)
 Alignments: Space 512K, Generation 512K, Heap 2M
 Heap Min Capacity: 100M
 Heap Initial Capacity: 100M
 Heap Max Capacity: 1G
 Pre-touch: Disabled
 Parallel Workers: 8

Heap:
 PSYoungGen      total 29696K, used 22430K [0x00000000eab00000, 0x00000000ecc00000, 0x0000000100000000)
  eden space 25600K, 87% used [0x00000000eab00000,0x00000000ec0e7840,0x00000000ec400000)
  from space 4096K, 0% used [0x00000000ec800000,0x00000000ec800000,0x00000000ecc00000)
  to   space 4096K, 0% used [0x00000000ec400000,0x00000000ec400000,0x00000000ec800000)
 ParOldGen       total 68608K, used 0K [0x00000000c0000000, 0x00000000c4300000, 0x00000000eab00000)
  object space 68608K, 0% used [0x00000000c0000000,0x00000000c0000000,0x00000000c4300000)
 Metaspace       used 10083K, committed 10240K, reserved 1064960K
  class space    used 1018K, committed 1088K, reserved 1048576K

Card table byte_map: [0x00007efd1666f000,0x00007efd16870000] _byte_map_base: 0x00007efd1606f000

Marking Bits: (ParMarkBitMap*) 0x00007efd180284e0
 Begin Bits: [0x00007efd14417000, 0x00007efd15417000)
 End Bits:   [0x00007efd15417000, 0x00007efd16417000)

Polling page: 0x00007efd182b4000

Metaspace:

Usage:
  Non-class:      8,85 MB used.
      Class:   1018,23 KB used.
       Both:      9,85 MB used.

Virtual space:
  Non-class space:       16,00 MB reserved,       8,94 MB ( 56%) committed,  2 nodes.
      Class space:        1,00 GB reserved,       1,06 MB ( <1%) committed,  1 nodes.
             Both:        1,02 GB reserved,      10,00 MB ( <1%) committed. 

Chunk freelists:
   Non-Class:  2,55 MB
       Class:  2,98 MB
        Both:  5,53 MB

MaxMetaspaceSize: unlimited
CompressedClassSpaceSize: 1,00 GB
Initial GC threshold: 21,00 MB
Current GC threshold: 21,00 MB
CDS: off
MetaspaceReclaimPolicy: balanced
 - commit_granule_bytes: 65536.
 - commit_granule_words: 8192.
 - virtual_space_node_default_size: 1048576.
 - enlarge_chunks_in_place: 1.
 - new_chunks_are_fully_committed: 0.
 - uncommit_free_chunks: 1.
 - use_allocation_guard: 0.
 - handle_deallocations: 1.


Internal statistics:

num_allocs_failed_limit: 0.
num_arena_births: 32.
num_arena_deaths: 0.
num_vsnodes_births: 3.
num_vsnodes_deaths: 0.
num_space_committed: 160.
num_space_uncommitted: 0.
num_chunks_returned_to_freelist: 0.
num_chunks_taken_from_freelist: 87.
num_chunk_merges: 0.
num_chunk_splits: 57.
num_chunks_enlarged: 43.
num_purges: 0.
num_inconsistent_stats: 0.

CodeHeap 'non-profiled nmethods': size=120028Kb used=338Kb max_used=338Kb free=119689Kb
 bounds [0x00007efd05ebb000, 0x00007efd0612b000, 0x00007efd0d3f2000]
CodeHeap 'profiled nmethods': size=120028Kb used=1264Kb max_used=1264Kb free=118763Kb
 bounds [0x00007efcfe984000, 0x00007efcfebf4000, 0x00007efd05ebb000]
CodeHeap 'non-nmethods': size=5704Kb used=1127Kb max_used=1152Kb free=4576Kb
 bounds [0x00007efcfe3f2000, 0x00007efcfe662000, 0x00007efcfe984000]
 total_blobs=1217 nmethods=796 adapters=337
 compilation: enabled
              stopped_count=0, restarted_count=0
 full_count=0

Compilation events (20 events):
Event: 0,416 Thread 0x00007efcd00cff70 nmethod 712 0x00007efd05f02410 code [0x00007efd05f025c0, 0x00007efd05f02a78]
Event: 0,418 Thread 0x00007efd10215db0  714       3       java.lang.invoke.MemberName::isConstructor (7 bytes)
Event: 0,418 Thread 0x00007efd10215db0 nmethod 714 0x00007efcfea94d10 code [0x00007efcfea94ec0, 0x00007efcfea950f0]
Event: 0,421 Thread 0x00007efcd0185a20 nmethod 629 0x00007efd05f02d10 code [0x00007efd05f03040, 0x00007efd05f05e28]
Event: 0,421 Thread 0x00007efd10215db0  715       3       sun.invoke.util.VerifyAccess::isSamePackage (37 bytes)
Event: 0,422 Thread 0x00007efd10215db0 nmethod 715 0x00007efcfea95210 code [0x00007efcfea95520, 0x00007efcfea96930]
Event: 0,423 Thread 0x00007efd10215db0  717       1       java.lang.reflect.Method::getName (5 bytes)
Event: 0,423 Thread 0x00007efd10215db0 nmethod 717 0x00007efd05f08190 code [0x00007efd05f08320, 0x00007efd05f083f0]
Event: 0,424 Thread 0x00007efd10215db0  718       1       jdk.internal.org.objectweb.asm.SymbolTable::getMajorVersion (5 bytes)
Event: 0,424 Thread 0x00007efd10215db0 nmethod 718 0x00007efd05f08490 code [0x00007efd05f08620, 0x00007efd05f086f0]
Event: 0,426 Thread 0x00007efd10215db0  720       3       jdk.internal.org.objectweb.asm.SymbolTable::addConstantUtf8Reference (101 bytes)
Event: 0,426 Thread 0x00007efd10215db0 nmethod 720 0x00007efcfea96f10 code [0x00007efcfea97140, 0x00007efcfea97710]
Event: 0,426 Thread 0x00007efd10215db0  719       3       jdk.internal.org.objectweb.asm.SymbolTable::addConstantClass (8 bytes)
Event: 0,426 Thread 0x00007efd10215db0 nmethod 719 0x00007efcfea97a10 code [0x00007efcfea97bc0, 0x00007efcfea97d00]
Event: 0,426 Thread 0x00007efd10215db0  722       3       jdk.internal.org.objectweb.asm.Type::getArgumentsAndReturnSizes (140 bytes)
Event: 0,427 Thread 0x00007efd10214900  724       4       jdk.internal.misc.Unsafe::allocateUninitializedArray (55 bytes)
Event: 0,427 Thread 0x00007efd10215db0 nmethod 722 0x00007efcfea97d90 code [0x00007efcfea981a0, 0x00007efcfea99ef0]
Event: 0,427 Thread 0x00007efd10215db0  721       3       jdk.internal.org.objectweb.asm.Frame::execute (2318 bytes)
Event: 0,428 Thread 0x00007efcd00cff70  725       4       jdk.internal.org.objectweb.asm.ByteVector::putUTF8 (144 bytes)
Event: 0,429 Thread 0x00007efd10214900 nmethod 724 0x00007efd05f08790 code [0x00007efd05f08920, 0x00007efd05f08ab8]

GC Heap History (0 events):
No events

Deoptimization events (20 events):
Event: 0,387 Thread 0x00007efd10025cb0 DEOPT PACKING pc=0x00007efcfea31db2 sp=0x00007efd16bbbaf0
Event: 0,387 Thread 0x00007efd10025cb0 DEOPT UNPACKING pc=0x00007efcfe44452f sp=0x00007efd16bbaf68 mode 0
Event: 0,388 Thread 0x00007efd10025cb0 DEOPT PACKING pc=0x00007efcfea31db2 sp=0x00007efd16bbbaf0
Event: 0,388 Thread 0x00007efd10025cb0 DEOPT UNPACKING pc=0x00007efcfe44452f sp=0x00007efd16bbaf68 mode 0
Event: 0,388 Thread 0x00007efd10025cb0 DEOPT PACKING pc=0x00007efcfea31db2 sp=0x00007efd16bbbaf0
Event: 0,388 Thread 0x00007efd10025cb0 DEOPT UNPACKING pc=0x00007efcfe44452f sp=0x00007efd16bbaf68 mode 0
Event: 0,388 Thread 0x00007efd10025cb0 DEOPT PACKING pc=0x00007efcfea31cda sp=0x00007efd16bbbaf0
Event: 0,388 Thread 0x00007efd10025cb0 DEOPT UNPACKING pc=0x00007efcfe44452f sp=0x00007efd16bbaf68 mode 0
Event: 0,388 Thread 0x00007efd10025cb0 DEOPT PACKING pc=0x00007efcfea31cda sp=0x00007efd16bbbaf0
Event: 0,388 Thread 0x00007efd10025cb0 DEOPT UNPACKING pc=0x00007efcfe44452f sp=0x00007efd16bbaf68 mode 0
Event: 0,388 Thread 0x00007efd10025cb0 DEOPT PACKING pc=0x00007efcfea31cda sp=0x00007efd16bbbaf0
Event: 0,388 Thread 0x00007efd10025cb0 DEOPT UNPACKING pc=0x00007efcfe44452f sp=0x00007efd16bbaf68 mode 0
Event: 0,388 Thread 0x00007efd10025cb0 DEOPT PACKING pc=0x00007efcfea31cda sp=0x00007efd16bbbaf0
Event: 0,388 Thread 0x00007efd10025cb0 DEOPT UNPACKING pc=0x00007efcfe44452f sp=0x00007efd16bbaf68 mode 0
Event: 0,388 Thread 0x00007efd10025cb0 DEOPT PACKING pc=0x00007efcfea31db2 sp=0x00007efd16bbbaf0
Event: 0,388 Thread 0x00007efd10025cb0 DEOPT UNPACKING pc=0x00007efcfe44452f sp=0x00007efd16bbaf68 mode 0
Event: 0,388 Thread 0x00007efd10025cb0 DEOPT PACKING pc=0x00007efcfea31db2 sp=0x00007efd16bbbaf0
Event: 0,388 Thread 0x00007efd10025cb0 DEOPT UNPACKING pc=0x00007efcfe44452f sp=0x00007efd16bbaf68 mode 0
Event: 0,389 Thread 0x00007efd10025cb0 DEOPT PACKING pc=0x00007efcfea31db2 sp=0x00007efd16bbbaf0
Event: 0,389 Thread 0x00007efd10025cb0 DEOPT UNPACKING pc=0x00007efcfe44452f sp=0x00007efd16bbaf68 mode 0

Classes unloaded (0 events):
No events

Classes redefined (0 events):
No events

Internal exceptions (13 events):
Event: 0,116 Thread 0x00007efd10025cb0 Exception <a 'java/lang/NoSuchMethodError'{0x00000000eacb29b0}: 'void java.lang.invoke.DirectMethodHandle$Holder.invokeStatic(java.lang.Object, java.lang.Object, java.lang.Object)'> (0x00000000eacb29b0) 
thrown [../../src/hotspot/share/interpreter/linkResolver.cpp, line 765]
Event: 0,191 Thread 0x00007efd10025cb0 Exception <a 'java/lang/reflect/InvocationTargetException'{0x00000000eaf588b0}> (0x00000000eaf588b0) 
thrown [../../src/hotspot/share/runtime/reflection.cpp, line 1119]
Event: 0,305 Thread 0x00007efd10025cb0 Exception <a 'java/io/FileNotFoundException'{0x00000000eb70bbf0}> (0x00000000eb70bbf0) 
thrown [../../src/hotspot/share/prims/jni.cpp, line 516]
Event: 0,305 Thread 0x00007efd10025cb0 Exception <a 'java/io/FileNotFoundException'{0x00000000eb70c578}> (0x00000000eb70c578) 
thrown [../../src/hotspot/share/prims/jni.cpp, line 516]
Event: 0,305 Thread 0x00007efd10025cb0 Exception <a 'java/io/FileNotFoundException'{0x00000000eb70cee0}> (0x00000000eb70cee0) 
thrown [../../src/hotspot/share/prims/jni.cpp, line 516]
Event: 0,305 Thread 0x00007efd10025cb0 Exception <a 'java/io/FileNotFoundException'{0x00000000eb70d948}> (0x00000000eb70d948) 
thrown [../../src/hotspot/share/prims/jni.cpp, line 516]
Event: 0,310 Thread 0x00007efd10025cb0 Exception <a 'java/io/FileNotFoundException'{0x00000000eb74f8e0}> (0x00000000eb74f8e0) 
thrown [../../src/hotspot/share/prims/jni.cpp, line 516]
Event: 0,327 Thread 0x00007efd10025cb0 Exception <a 'java/lang/NoSuchMethodError'{0x00000000eb7a06e0}: 'java.lang.Object java.lang.invoke.DirectMethodHandle$Holder.invokeStaticInit(java.lang.Object)'> (0x00000000eb7a06e0) 
thrown [../../src/hotspot/share/interpreter/linkResolver.cpp, line 765]
Event: 0,332 Thread 0x00007efd10025cb0 Exception <a 'java/lang/NoSuchMethodError'{0x00000000eb7b5e68}: 'java.lang.Object java.lang.invoke.DirectMethodHandle$Holder.invokeStaticInit(java.lang.Object, java.lang.Object, long, java.lang.Object)'> (0x00000000eb7b5e68) 
thrown [../../src/hotspot/share/interpreter/linkResolver.cpp, line 765]
Event: 0,333 Thread 0x00007efd10025cb0 Exception <a 'java/lang/NoSuchMethodError'{0x00000000eb7bc4c8}: 'java.lang.Object java.lang.invoke.DirectMethodHandle$Holder.newInvokeSpecial(java.lang.Object, java.lang.Object, long)'> (0x00000000eb7bc4c8) 
thrown [../../src/hotspot/share/interpreter/linkResolver.cpp, line 765]
Event: 0,333 Thread 0x00007efd10025cb0 Exception <a 'java/lang/NoSuchMethodError'{0x00000000eb7c07b8}: 'java.lang.Object java.lang.invoke.Invokers$Holder.linkToTargetMethod(java.lang.Object, long, java.lang.Object)'> (0x00000000eb7c07b8) 
thrown [../../src/hotspot/share/interpreter/linkResolver.cpp, line 765]
Event: 0,336 Thread 0x00007efd10025cb0 Exception <a 'java/lang/NoSuchMethodError'{0x00000000eb7ead08}: 'java.lang.Object java.lang.invoke.DirectMethodHandle$Holder.newInvokeSpecial(java.lang.Object, java.lang.Object, java.lang.Object, int)'> (0x00000000eb7ead08) 
thrown [../../src/hotspot/share/interpreter/linkResolver.cpp, line 765]
Event: 0,337 Thread 0x00007efd10025cb0 Exception <a 'java/lang/NoSuchMethodError'{0x00000000eb7f28b8}: 'java.lang.Object java.lang.invoke.Invokers$Holder.linkToTargetMethod(java.lang.Object, java.lang.Object, int, java.lang.Object)'> (0x00000000eb7f28b8) 
thrown [../../src/hotspot/share/interpreter/linkResolver.cpp, line 765]

VM Operations (8 events):
Event: 0,123 Executing VM operation: HandshakeAllThreads
Event: 0,123 Executing VM operation: HandshakeAllThreads done
Event: 0,177 Executing VM operation: HandshakeAllThreads
Event: 0,177 Executing VM operation: HandshakeAllThreads done
Event: 0,294 Executing VM operation: HandshakeAllThreads
Event: 0,294 Executing VM operation: HandshakeAllThreads done
Event: 0,303 Executing VM operation: HandshakeAllThreads
Event: 0,303 Executing VM operation: HandshakeAllThreads done

Events (20 events):
Event: 0,420 loading class java/lang/PublicMethods
Event: 0,420 loading class java/lang/PublicMethods done
Event: 0,420 loading class java/util/LinkedHashMap$LinkedValueIterator
Event: 0,420 loading class java/util/LinkedHashMap$LinkedValueIterator done
Event: 0,421 loading class java/lang/module/ModuleDescriptor$Builder
Event: 0,421 loading class java/lang/module/ModuleDescriptor$Builder done
Event: 0,422 loading class java/lang/reflect/ProxyGenerator
Event: 0,422 loading class java/lang/reflect/ProxyGenerator done
Event: 0,422 loading class java/lang/reflect/ProxyGenerator$ProxyMethod
Event: 0,422 loading class java/lang/reflect/ProxyGenerator$ProxyMethod done
Event: 0,423 loading class java/lang/reflect/ProxyGenerator$PrimitiveTypeInfo
Event: 0,424 loading class java/lang/reflect/ProxyGenerator$PrimitiveTypeInfo done
Event: 0,424 loading class jdk/internal/org/objectweb/asm/Edge
Event: 0,424 loading class jdk/internal/org/objectweb/asm/Edge done
Event: 0,427 loading class java/lang/reflect/Proxy$ProxyBuilder$1
Event: 0,427 loading class java/lang/reflect/Proxy$ProxyBuilder$1 done
Event: 0,427 loading class java/lang/annotation/Target
Event: 0,427 loading class java/lang/annotation/Target done
Event: 0,428 loading class java/lang/ClassFormatError
Event: 0,428 loading class java/lang/ClassFormatError done


Dynamic libraries:
c0000000-c4300000 rw-p 00000000 00:00 0 
c4300000-eab00000 ---p 00000000 00:00 0 
eab00000-ecc00000 rw-p 00000000 00:00 0 
ecc00000-100000000 ---p 00000000 00:00 0 
100000000-100020000 rw-p 00000000 00:00 0 
100020000-100040000 rw-p 00000000 00:00 0 
100040000-1000c0000 rw-p 00000000 00:00 0 
1000c0000-1000e0000 rw-p 00000000 00:00 0 
1000e0000-100110000 rw-p 00000000 00:00 0 
100110000-140000000 ---p 00000000 00:00 0 
55a2b307d000-55a2b307e000 r--p 00000000 08:15 6243844                    /home/lucas/.vscode/extensions/redhat.java-1.9.0-linux-x64/jre/17.0.3-linux-x86_64/bin/java
55a2b307e000-55a2b307f000 r-xp 00001000 08:15 6243844                    /home/lucas/.vscode/extensions/redhat.java-1.9.0-linux-x64/jre/17.0.3-linux-x86_64/bin/java
55a2b307f000-55a2b3080000 r--p 00002000 08:15 6243844                    /home/lucas/.vscode/extensions/redhat.java-1.9.0-linux-x64/jre/17.0.3-linux-x86_64/bin/java
55a2b3080000-55a2b3081000 r--p 00002000 08:15 6243844                    /home/lucas/.vscode/extensions/redhat.java-1.9.0-linux-x64/jre/17.0.3-linux-x86_64/bin/java
55a2b3081000-55a2b3082000 rw-p 00003000 08:15 6243844                    /home/lucas/.vscode/extensions/redhat.java-1.9.0-linux-x64/jre/17.0.3-linux-x86_64/bin/java
55a2b39b7000-55a2b39d8000 rw-p 00000000 00:00 0                          [heap]
7efcb8000000-7efcb8383000 rw-p 00000000 00:00 0 
7efcb8383000-7efcbc000000 ---p 00000000 00:00 0 
7efcbc000000-7efcbc021000 rw-p 00000000 00:00 0 
7efcbc021000-7efcc0000000 ---p 00000000 00:00 0 
7efcc0000000-7efcc0021000 rw-p 00000000 00:00 0 
7efcc0021000-7efcc4000000 ---p 00000000 00:00 0 
7efcc4000000-7efcc42d9000 rw-p 00000000 00:00 0 
7efcc42d9000-7efcc8000000 ---p 00000000 00:00 0 
7efcc8000000-7efcc8021000 rw-p 00000000 00:00 0 
7efcc8021000-7efccc000000 ---p 00000000 00:00 0 
7efccc000000-7efccc021000 rw-p 00000000 00:00 0 
7efccc021000-7efcd0000000 ---p 00000000 00:00 0 
7efcd0000000-7efcd038a000 rw-p 00000000 00:00 0 
7efcd038a000-7efcd4000000 ---p 00000000 00:00 0 
7efcd4000000-7efcd4021000 rw-p 00000000 00:00 0 
7efcd4021000-7efcd8000000 ---p 00000000 00:00 0 
7efcd8000000-7efcd8021000 rw-p 00000000 00:00 0 
7efcd8021000-7efcdc000000 ---p 00000000 00:00 0 
7efcdc000000-7efcdc4b2000 rw-p 00000000 00:00 0 
7efcdc4b2000-7efce0000000 ---p 00000000 00:00 0 
7efce0000000-7efce0021000 rw-p 00000000 00:00 0 
7efce0021000-7efce4000000 ---p 00000000 00:00 0 
7efce4000000-7efce4021000 rw-p 00000000 00:00 0 
7efce4021000-7efce8000000 ---p 00000000 00:00 0 
7efce8000000-7efce8021000 rw-p 00000000 00:00 0 
7efce8021000-7efcec000000 ---p 00000000 00:00 0 
7efcec000000-7efcec021000 rw-p 00000000 00:00 0 
7efcec021000-7efcf0000000 ---p 00000000 00:00 0 
7efcf0000000-7efcf0021000 rw-p 00000000 00:00 0 
7efcf0021000-7efcf4000000 ---p 00000000 00:00 0 
7efcf5d6b000-7efcf6080000 rw-p 00000000 00:00 0 
7efcf6080000-7efcf6100000 ---p 00000000 00:00 0 
7efcf6100000-7efcf6170000 rw-p 00000000 00:00 0 
7efcf6170000-7efcf6800000 ---p 00000000 00:00 0 
7efcf6a27000-7efcf6b7d000 rw-p 00000000 00:00 0 
7efcf6b7d000-7efcf6b81000 ---p 00000000 00:00 0 
7efcf6b81000-7efcf6c7e000 rw-p 00000000 00:00 0 
7efcf6c7e000-7efcf6c82000 ---p 00000000 00:00 0 
7efcf6c82000-7efcf6d7f000 rw-p 00000000 00:00 0 
7efcf6d7f000-7efcf6d80000 ---p 00000000 00:00 0 
7efcf6d80000-7efcf6e81000 rw-p 00000000 00:00 0 
7efcf6e81000-7efcf6e85000 ---p 00000000 00:00 0 
7efcf6e85000-7efcf6f82000 rw-p 00000000 00:00 0 
7efcf6f82000-7efcf6f86000 ---p 00000000 00:00 0 
7efcf6f86000-7efcf7083000 rw-p 00000000 00:00 0 
7efcf7083000-7efcf7087000 ---p 00000000 00:00 0 
7efcf7087000-7efcf7184000 rw-p 00000000 00:00 0 
7efcf7184000-7efcf7188000 ---p 00000000 00:00 0 
7efcf7188000-7efcf7285000 rw-p 00000000 00:00 0 
7efcf7285000-7efcf7289000 ---p 00000000 00:00 0 
7efcf7289000-7efcf7386000 rw-p 00000000 00:00 0 
7efcf7386000-7efcf738a000 ---p 00000000 00:00 0 
7efcf738a000-7efcf7487000 rw-p 00000000 00:00 0 
7efcf7487000-7efcf748b000 ---p 00000000 00:00 0 
7efcf748b000-7efcf7588000 rw-p 00000000 00:00 0 
7efcf7588000-7efcf758c000 ---p 00000000 00:00 0 
7efcf758c000-7efcf7689000 rw-p 00000000 00:00 0 
7efcf7689000-7efcf7bfb000 r--p 00000000 08:15 262719                     /usr/lib/locale/locale-archive
7efcf7bfb000-7efcf7bff000 ---p 00000000 00:00 0 
7efcf7bff000-7efcf7cfc000 rw-p 00000000 00:00 0 
7efcf7cfc000-7efcf7d00000 ---p 00000000 00:00 0 
7efcf7d00000-7efcf7dfd000 rw-p 00000000 00:00 0 
7efcf7dfd000-7efcf7dfe000 ---p 00000000 00:00 0 
7efcf7dfe000-7efcf8000000 rw-p 00000000 00:00 0 
7efcf8000000-7efcf8021000 rw-p 00000000 00:00 0 
7efcf8021000-7efcfc000000 ---p 00000000 00:00 0 
7efcfc0e9000-7efcfdc00000 rw-p 00000000 00:00 0 
7efcfdc00000-7efcfdc80000 rw-p 00000000 00:00 0 
7efcfdc80000-7efcfdd00000 rw-p 00000000 00:00 0 
7efcfdd00000-7efcfe000000 rw-p 00000000 00:00 0 
7efcfe0ef000-7efcfe3f2000 rw-p 00000000 00:00 0 
7efcfe3f2000-7efcfe662000 rwxp 00000000 00:00 0 
7efcfe662000-7efcfe984000 ---p 00000000 00:00 0 
7efcfe984000-7efcfebf4000 rwxp 00000000 00:00 0 
7efcfebf4000-7efd05ebb000 ---p 00000000 00:00 0 
7efd05ebb000-7efd0612b000 rwxp 00000000 00:00 0 
7efd0612b000-7efd0d3f2000 ---p 00000000 00:00 0 
7efd0d3f2000-7efd10000000 r--s 00000000 08:15 6517314                    /home/lucas/.vscode/extensions/redhat.java-1.9.0-linux-x64/jre/17.0.3-linux-x86_64/lib/modules
7efd10000000-7efd104e7000 rw-p 00000000 00:00 0 
7efd104e7000-7efd14000000 ---p 00000000 00:00 0 
7efd1407e000-7efd14085000 r--s 00000000 08:15 530314                     /usr/lib/x86_64-linux-gnu/gconv/gconv-modules.cache
7efd14085000-7efd14089000 ---p 00000000 00:00 0 
7efd14089000-7efd140a7000 rw-p 00000000 00:00 0 
7efd140a7000-7efd140ab000 r--p 00000000 08:15 6517312                    /home/lucas/.vscode/extensions/redhat.java-1.9.0-linux-x64/jre/17.0.3-linux-x86_64/lib/libverify.so
7efd140ab000-7efd140b2000 r-xp 00004000 08:15 6517312                    /home/lucas/.vscode/extensions/redhat.java-1.9.0-linux-x64/jre/17.0.3-linux-x86_64/lib/libverify.so
7efd140b2000-7efd140b4000 r--p 0000b000 08:15 6517312                    /home/lucas/.vscode/extensions/redhat.java-1.9.0-linux-x64/jre/17.0.3-linux-x86_64/lib/libverify.so
7efd140b4000-7efd140b6000 r--p 0000c000 08:15 6517312                    /home/lucas/.vscode/extensions/redhat.java-1.9.0-linux-x64/jre/17.0.3-linux-x86_64/lib/libverify.so
7efd140b6000-7efd140b7000 rw-p 0000e000 08:15 6517312                    /home/lucas/.vscode/extensions/redhat.java-1.9.0-linux-x64/jre/17.0.3-linux-x86_64/lib/libverify.so
7efd140b7000-7efd140bb000 r--p 00000000 08:15 6517305                    /home/lucas/.vscode/extensions/redhat.java-1.9.0-linux-x64/jre/17.0.3-linux-x86_64/lib/libnet.so
7efd140bb000-7efd140c9000 r-xp 00004000 08:15 6517305                    /home/lucas/.vscode/extensions/redhat.java-1.9.0-linux-x64/jre/17.0.3-linux-x86_64/lib/libnet.so
7efd140c9000-7efd140cd000 r--p 00012000 08:15 6517305                    /home/lucas/.vscode/extensions/redhat.java-1.9.0-linux-x64/jre/17.0.3-linux-x86_64/lib/libnet.so
7efd140cd000-7efd140ce000 r--p 00015000 08:15 6517305                    /home/lucas/.vscode/extensions/redhat.java-1.9.0-linux-x64/jre/17.0.3-linux-x86_64/lib/libnet.so
7efd140ce000-7efd140cf000 rw-p 00016000 08:15 6517305                    /home/lucas/.vscode/extensions/redhat.java-1.9.0-linux-x64/jre/17.0.3-linux-x86_64/lib/libnet.so
7efd140cf000-7efd140d6000 r--p 00000000 08:15 6517306                    /home/lucas/.vscode/extensions/redhat.java-1.9.0-linux-x64/jre/17.0.3-linux-x86_64/lib/libnio.so
7efd140d6000-7efd140df000 r-xp 00007000 08:15 6517306                    /home/lucas/.vscode/extensions/redhat.java-1.9.0-linux-x64/jre/17.0.3-linux-x86_64/lib/libnio.so
7efd140df000-7efd140e3000 r--p 00010000 08:15 6517306                    /home/lucas/.vscode/extensions/redhat.java-1.9.0-linux-x64/jre/17.0.3-linux-x86_64/lib/libnio.so
7efd140e3000-7efd140e4000 ---p 00014000 08:15 6517306                    /home/lucas/.vscode/extensions/redhat.java-1.9.0-linux-x64/jre/17.0.3-linux-x86_64/lib/libnio.so
7efd140e4000-7efd140e5000 r--p 00014000 08:15 6517306                    /home/lucas/.vscode/extensions/redhat.java-1.9.0-linux-x64/jre/17.0.3-linux-x86_64/lib/libnio.so
7efd140e5000-7efd140e6000 rw-p 00015000 08:15 6517306                    /home/lucas/.vscode/extensions/redhat.java-1.9.0-linux-x64/jre/17.0.3-linux-x86_64/lib/libnio.so
7efd140e6000-7efd16439000 rw-p 00000000 00:00 0 
7efd16439000-7efd1656d000 ---p 00000000 00:00 0 
7efd1656d000-7efd1656e000 ---p 00000000 00:00 0 
7efd1656e000-7efd16691000 rw-p 00000000 00:00 0 
7efd16691000-7efd167c4000 ---p 00000000 00:00 0 
7efd167c4000-7efd167d5000 rw-p 00000000 00:00 0 
7efd167d5000-7efd1686f000 ---p 00000000 00:00 0 
7efd1686f000-7efd16875000 rw-p 00000000 00:00 0 
7efd16875000-7efd1695b000 ---p 00000000 00:00 0 
7efd1695b000-7efd16960000 rw-p 00000000 00:00 0 
7efd16960000-7efd16a46000 ---p 00000000 00:00 0 
7efd16a46000-7efd16a49000 r--p 00000000 08:15 4854936                    /lib/x86_64-linux-gnu/libnss_files-2.31.so
7efd16a49000-7efd16a50000 r-xp 00003000 08:15 4854936                    /lib/x86_64-linux-gnu/libnss_files-2.31.so
7efd16a50000-7efd16a52000 r--p 0000a000 08:15 4854936                    /lib/x86_64-linux-gnu/libnss_files-2.31.so
7efd16a52000-7efd16a53000 r--p 0000b000 08:15 4854936                    /lib/x86_64-linux-gnu/libnss_files-2.31.so
7efd16a53000-7efd16a54000 rw-p 0000c000 08:15 4854936                    /lib/x86_64-linux-gnu/libnss_files-2.31.so
7efd16a54000-7efd16a5a000 rw-p 00000000 00:00 0 
7efd16a5e000-7efd16a60000 r--p 00000000 08:15 6517313                    /home/lucas/.vscode/extensions/redhat.java-1.9.0-linux-x64/jre/17.0.3-linux-x86_64/lib/libzip.so
7efd16a60000-7efd16a64000 r-xp 00002000 08:15 6517313                    /home/lucas/.vscode/extensions/redhat.java-1.9.0-linux-x64/jre/17.0.3-linux-x86_64/lib/libzip.so
7efd16a64000-7efd16a66000 r--p 00006000 08:15 6517313                    /home/lucas/.vscode/extensions/redhat.java-1.9.0-linux-x64/jre/17.0.3-linux-x86_64/lib/libzip.so
7efd16a66000-7efd16a67000 r--p 00007000 08:15 6517313                    /home/lucas/.vscode/extensions/redhat.java-1.9.0-linux-x64/jre/17.0.3-linux-x86_64/lib/libzip.so
7efd16a67000-7efd16a68000 rw-p 00008000 08:15 6517313                    /home/lucas/.vscode/extensions/redhat.java-1.9.0-linux-x64/jre/17.0.3-linux-x86_64/lib/libzip.so
7efd16a68000-7efd16a6d000 rw-p 00000000 00:00 0 
7efd16a6d000-7efd16a74000 ---p 00000000 00:00 0 
7efd16a74000-7efd16a81000 r--p 00000000 08:15 6517292                    /home/lucas/.vscode/extensions/redhat.java-1.9.0-linux-x64/jre/17.0.3-linux-x86_64/lib/libjava.so
7efd16a81000-7efd16a93000 r-xp 0000d000 08:15 6517292                    /home/lucas/.vscode/extensions/redhat.java-1.9.0-linux-x64/jre/17.0.3-linux-x86_64/lib/libjava.so
7efd16a93000-7efd16a99000 r--p 0001f000 08:15 6517292                    /home/lucas/.vscode/extensions/redhat.java-1.9.0-linux-x64/jre/17.0.3-linux-x86_64/lib/libjava.so
7efd16a99000-7efd16a9a000 ---p 00025000 08:15 6517292                    /home/lucas/.vscode/extensions/redhat.java-1.9.0-linux-x64/jre/17.0.3-linux-x86_64/lib/libjava.so
7efd16a9a000-7efd16a9b000 r--p 00025000 08:15 6517292                    /home/lucas/.vscode/extensions/redhat.java-1.9.0-linux-x64/jre/17.0.3-linux-x86_64/lib/libjava.so
7efd16a9b000-7efd16a9c000 rw-p 00026000 08:15 6517292                    /home/lucas/.vscode/extensions/redhat.java-1.9.0-linux-x64/jre/17.0.3-linux-x86_64/lib/libjava.so
7efd16a9c000-7efd16a9d000 rw-p 00000000 00:00 0 
7efd16a9d000-7efd16aa1000 r--p 00000000 08:15 6517296                    /home/lucas/.vscode/extensions/redhat.java-1.9.0-linux-x64/jre/17.0.3-linux-x86_64/lib/libjimage.so
7efd16aa1000-7efd16ab4000 r-xp 00004000 08:15 6517296                    /home/lucas/.vscode/extensions/redhat.java-1.9.0-linux-x64/jre/17.0.3-linux-x86_64/lib/libjimage.so
7efd16ab4000-7efd16aba000 r--p 00017000 08:15 6517296                    /home/lucas/.vscode/extensions/redhat.java-1.9.0-linux-x64/jre/17.0.3-linux-x86_64/lib/libjimage.so
7efd16aba000-7efd16abc000 r--p 0001c000 08:15 6517296                    /home/lucas/.vscode/extensions/redhat.java-1.9.0-linux-x64/jre/17.0.3-linux-x86_64/lib/libjimage.so
7efd16abc000-7efd16abd000 rw-p 0001e000 08:15 6517296                    /home/lucas/.vscode/extensions/redhat.java-1.9.0-linux-x64/jre/17.0.3-linux-x86_64/lib/libjimage.so
7efd16abd000-7efd16ac1000 ---p 00000000 00:00 0 
7efd16ac1000-7efd16bbe000 rw-p 00000000 00:00 0 
7efd16bbe000-7efd16bcb000 r--p 00000000 08:15 4851073                    /lib/x86_64-linux-gnu/libm-2.31.so
7efd16bcb000-7efd16c72000 r-xp 0000d000 08:15 4851073                    /lib/x86_64-linux-gnu/libm-2.31.so
7efd16c72000-7efd16d0b000 r--p 000b4000 08:15 4851073                    /lib/x86_64-linux-gnu/libm-2.31.so
7efd16d0b000-7efd16d0c000 r--p 0014c000 08:15 4851073                    /lib/x86_64-linux-gnu/libm-2.31.so
7efd16d0c000-7efd16d0d000 rw-p 0014d000 08:15 4851073                    /lib/x86_64-linux-gnu/libm-2.31.so
7efd16d0d000-7efd16d0f000 r--p 00000000 08:15 4855026                    /lib/x86_64-linux-gnu/librt-2.31.so
7efd16d0f000-7efd16d13000 r-xp 00002000 08:15 4855026                    /lib/x86_64-linux-gnu/librt-2.31.so
7efd16d13000-7efd16d15000 r--p 00006000 08:15 4855026                    /lib/x86_64-linux-gnu/librt-2.31.so
7efd16d15000-7efd16d16000 r--p 00007000 08:15 4855026                    /lib/x86_64-linux-gnu/librt-2.31.so
7efd16d16000-7efd16d17000 rw-p 00008000 08:15 4855026                    /lib/x86_64-linux-gnu/librt-2.31.so
7efd16d17000-7efd16f68000 r--p 00000000 08:15 6517322                    /home/lucas/.vscode/extensions/redhat.java-1.9.0-linux-x64/jre/17.0.3-linux-x86_64/lib/server/libjvm.so
7efd16f68000-7efd17c7d000 r-xp 00251000 08:15 6517322                    /home/lucas/.vscode/extensions/redhat.java-1.9.0-linux-x64/jre/17.0.3-linux-x86_64/lib/server/libjvm.so
7efd17c7d000-7efd17f08000 r--p 00f66000 08:15 6517322                    /home/lucas/.vscode/extensions/redhat.java-1.9.0-linux-x64/jre/17.0.3-linux-x86_64/lib/server/libjvm.so
7efd17f08000-7efd17f09000 ---p 011f1000 08:15 6517322                    /home/lucas/.vscode/extensions/redhat.java-1.9.0-linux-x64/jre/17.0.3-linux-x86_64/lib/server/libjvm.so
7efd17f09000-7efd17fc2000 r--p 011f1000 08:15 6517322                    /home/lucas/.vscode/extensions/redhat.java-1.9.0-linux-x64/jre/17.0.3-linux-x86_64/lib/server/libjvm.so
7efd17fc2000-7efd17ff7000 rw-p 012aa000 08:15 6517322                    /home/lucas/.vscode/extensions/redhat.java-1.9.0-linux-x64/jre/17.0.3-linux-x86_64/lib/server/libjvm.so
7efd17ff7000-7efd18052000 rw-p 00000000 00:00 0 
7efd18052000-7efd18074000 r--p 00000000 08:15 4851061                    /lib/x86_64-linux-gnu/libc-2.31.so
7efd18074000-7efd181ec000 r-xp 00022000 08:15 4851061                    /lib/x86_64-linux-gnu/libc-2.31.so
7efd181ec000-7efd1823a000 r--p 0019a000 08:15 4851061                    /lib/x86_64-linux-gnu/libc-2.31.so
7efd1823a000-7efd1823e000 r--p 001e7000 08:15 4851061                    /lib/x86_64-linux-gnu/libc-2.31.so
7efd1823e000-7efd18240000 rw-p 001eb000 08:15 4851061                    /lib/x86_64-linux-gnu/libc-2.31.so
7efd18240000-7efd18244000 rw-p 00000000 00:00 0 
7efd18244000-7efd18245000 r--p 00000000 08:15 4851068                    /lib/x86_64-linux-gnu/libdl-2.31.so
7efd18245000-7efd18247000 r-xp 00001000 08:15 4851068                    /lib/x86_64-linux-gnu/libdl-2.31.so
7efd18247000-7efd18248000 r--p 00003000 08:15 4851068                    /lib/x86_64-linux-gnu/libdl-2.31.so
7efd18248000-7efd18249000 r--p 00003000 08:15 4851068                    /lib/x86_64-linux-gnu/libdl-2.31.so
7efd18249000-7efd1824a000 rw-p 00004000 08:15 4851068                    /lib/x86_64-linux-gnu/libdl-2.31.so
7efd1824a000-7efd18250000 r--p 00000000 08:15 4855004                    /lib/x86_64-linux-gnu/libpthread-2.31.so
7efd18250000-7efd18261000 r-xp 00006000 08:15 4855004                    /lib/x86_64-linux-gnu/libpthread-2.31.so
7efd18261000-7efd18267000 r--p 00017000 08:15 4855004                    /lib/x86_64-linux-gnu/libpthread-2.31.so
7efd18267000-7efd18268000 r--p 0001c000 08:15 4855004                    /lib/x86_64-linux-gnu/libpthread-2.31.so
7efd18268000-7efd18269000 rw-p 0001d000 08:15 4855004                    /lib/x86_64-linux-gnu/libpthread-2.31.so
7efd18269000-7efd1826d000 rw-p 00000000 00:00 0 
7efd1826d000-7efd18270000 r--p 00000000 08:15 6517297                    /home/lucas/.vscode/extensions/redhat.java-1.9.0-linux-x64/jre/17.0.3-linux-x86_64/lib/libjli.so
7efd18270000-7efd1827a000 r-xp 00003000 08:15 6517297                    /home/lucas/.vscode/extensions/redhat.java-1.9.0-linux-x64/jre/17.0.3-linux-x86_64/lib/libjli.so
7efd1827a000-7efd1827d000 r--p 0000d000 08:15 6517297                    /home/lucas/.vscode/extensions/redhat.java-1.9.0-linux-x64/jre/17.0.3-linux-x86_64/lib/libjli.so
7efd1827d000-7efd1827e000 ---p 00010000 08:15 6517297                    /home/lucas/.vscode/extensions/redhat.java-1.9.0-linux-x64/jre/17.0.3-linux-x86_64/lib/libjli.so
7efd1827e000-7efd1827f000 r--p 00010000 08:15 6517297                    /home/lucas/.vscode/extensions/redhat.java-1.9.0-linux-x64/jre/17.0.3-linux-x86_64/lib/libjli.so
7efd1827f000-7efd18280000 rw-p 00011000 08:15 6517297                    /home/lucas/.vscode/extensions/redhat.java-1.9.0-linux-x64/jre/17.0.3-linux-x86_64/lib/libjli.so
7efd18280000-7efd18282000 r--p 00000000 08:15 4849968                    /lib/x86_64-linux-gnu/libz.so.1.2.11
7efd18282000-7efd18293000 r-xp 00002000 08:15 4849968                    /lib/x86_64-linux-gnu/libz.so.1.2.11
7efd18293000-7efd18299000 r--p 00013000 08:15 4849968                    /lib/x86_64-linux-gnu/libz.so.1.2.11
7efd18299000-7efd1829a000 ---p 00019000 08:15 4849968                    /lib/x86_64-linux-gnu/libz.so.1.2.11
7efd1829a000-7efd1829b000 r--p 00019000 08:15 4849968                    /lib/x86_64-linux-gnu/libz.so.1.2.11
7efd1829b000-7efd1829c000 rw-p 0001a000 08:15 4849968                    /lib/x86_64-linux-gnu/libz.so.1.2.11
7efd1829f000-7efd182a7000 rw-s 00000000 08:15 787248                     /tmp/hsperfdata_lucas/91076
7efd182a7000-7efd182a9000 r--p 00000000 08:15 6517287                    /home/lucas/.vscode/extensions/redhat.java-1.9.0-linux-x64/jre/17.0.3-linux-x86_64/lib/libinstrument.so
7efd182a9000-7efd182af000 r-xp 00002000 08:15 6517287                    /home/lucas/.vscode/extensions/redhat.java-1.9.0-linux-x64/jre/17.0.3-linux-x86_64/lib/libinstrument.so
7efd182af000-7efd182b2000 r--p 00008000 08:15 6517287                    /home/lucas/.vscode/extensions/redhat.java-1.9.0-linux-x64/jre/17.0.3-linux-x86_64/lib/libinstrument.so
7efd182b2000-7efd182b3000 r--p 0000a000 08:15 6517287                    /home/lucas/.vscode/extensions/redhat.java-1.9.0-linux-x64/jre/17.0.3-linux-x86_64/lib/libinstrument.so
7efd182b3000-7efd182b4000 rw-p 0000b000 08:15 6517287                    /home/lucas/.vscode/extensions/redhat.java-1.9.0-linux-x64/jre/17.0.3-linux-x86_64/lib/libinstrument.so
7efd182b4000-7efd182b5000 ---p 00000000 00:00 0 
7efd182b5000-7efd182b6000 r--p 00000000 00:00 0 
7efd182b6000-7efd182b8000 rw-p 00000000 00:00 0 
7efd182b8000-7efd182b9000 r--p 00000000 08:15 4851041                    /lib/x86_64-linux-gnu/ld-2.31.so
7efd182b9000-7efd182dc000 r-xp 00001000 08:15 4851041                    /lib/x86_64-linux-gnu/ld-2.31.so
7efd182dc000-7efd182e4000 r--p 00024000 08:15 4851041                    /lib/x86_64-linux-gnu/ld-2.31.so
7efd182e4000-7efd182e5000 ---p 00000000 00:00 0 
7efd182e5000-7efd182e6000 r--p 0002c000 08:15 4851041                    /lib/x86_64-linux-gnu/ld-2.31.so
7efd182e6000-7efd182e7000 rw-p 0002d000 08:15 4851041                    /lib/x86_64-linux-gnu/ld-2.31.so
7efd182e7000-7efd182e8000 rw-p 00000000 00:00 0 
7fff41ef2000-7fff41f14000 rw-p 00000000 00:00 0                          [stack]
7fff41f1a000-7fff41f1d000 r--p 00000000 00:00 0                          [vvar]
7fff41f1d000-7fff41f1e000 r-xp 00000000 00:00 0                          [vdso]
ffffffffff600000-ffffffffff601000 --xp 00000000 00:00 0                  [vsyscall]


VM Arguments:
jvm_args: --add-modules=ALL-SYSTEM --add-opens=java.base/java.util=ALL-UNNAMED --add-opens=java.base/java.lang=ALL-UNNAMED --add-opens=java.base/sun.nio.fs=ALL-UNNAMED -Declipse.application=org.eclipse.jdt.ls.core.id1 -Dosgi.bundles.defaultStartLevel=4 -Declipse.product=org.eclipse.jdt.ls.core.product -Djava.import.generatesMetadataFilesAtProjectRoot=false -Dfile.encoding=utf8 -XX:+UseParallelGC -XX:GCTimeRatio=4 -XX:AdaptiveSizePolicyWeight=90 -Dsun.zip.disableMemoryMapping=true -Xmx1G -Xms100m -javaagent:/home/lucas/.vscode/extensions/redhat.java-1.9.0-linux-x64/lombok/lombok-1.18.24.jar -XX:+HeapDumpOnOutOfMemoryError -XX:HeapDumpPath=/home/lucas/.config/Code/User/workspaceStorage/813819e69ab87ec4b1d8f518166e6765/redhat.java 
java_command: /home/lucas/.vscode/extensions/redhat.java-1.9.0-linux-x64/server/plugins/org.eclipse.equinox.launcher_1.6.400.v20210924-0641.jar -configuration /home/lucas/.config/Code/User/globalStorage/redhat.java/1.9.0/config_linux -data /home/lucas/.config/Code/User/workspaceStorage/813819e69ab87ec4b1d8f518166e6765/redhat.java/jdt_ws
java_class_path (initial): /home/lucas/.vscode/extensions/redhat.java-1.9.0-linux-x64/server/plugins/org.eclipse.equinox.launcher_1.6.400.v20210924-0641.jar
Launcher Type: SUN_STANDARD

[Global flags]
    uintx AdaptiveSizePolicyWeight                 = 90                                        {product} {command line}
     intx CICompilerCount                          = 4                                         {product} {ergonomic}
    uintx GCTimeRatio                              = 4                                         {product} {command line}
     bool HeapDumpOnOutOfMemoryError               = true                                   {manageable} {command line}
    ccstr HeapDumpPath                             = /home/lucas/.config/Code/User/workspaceStorage/813819e69ab87ec4b1d8f518166e6765/redhat.java         {manageable} {command line}
   size_t InitialHeapSize                          = 104857600                                 {product} {command line}
   size_t MaxHeapSize                              = 1073741824                                {product} {command line}
   size_t MaxNewSize                               = 357564416                                 {product} {ergonomic}
   size_t MinHeapDeltaBytes                        = 524288                                    {product} {ergonomic}
   size_t MinHeapSize                              = 104857600                                 {product} {command line}
   size_t NewSize                                  = 34603008                                  {product} {ergonomic}
    uintx NonNMethodCodeHeapSize                   = 5839372                                {pd product} {ergonomic}
    uintx NonProfiledCodeHeapSize                  = 122909434                              {pd product} {ergonomic}
   size_t OldSize                                  = 70254592                                  {product} {ergonomic}
    uintx ProfiledCodeHeapSize                     = 122909434                              {pd product} {ergonomic}
    uintx ReservedCodeCacheSize                    = 251658240                              {pd product} {ergonomic}
     bool SegmentedCodeCache                       = true                                      {product} {ergonomic}
   size_t SoftMaxHeapSize                          = 1073741824                             {manageable} {ergonomic}
     bool UseCompressedClassPointers               = true                           {product lp64_product} {ergonomic}
     bool UseCompressedOops                        = true                           {product lp64_product} {ergonomic}
     bool UseParallelGC                            = true                                      {product} {command line}

Logging:
Log output configuration:
 #0: stdout all=warning uptime,level,tags
 #1: stderr all=off uptime,level,tags

Environment Variables:
JAVA_HOME=/usr/lib/jvm/java-17-oracle
PATH=/home/lucas/.local/bin:/home/lucas/.rbenv/shims:/home/lucas/.rbenv/bin:/home/lucas/.nvm/versions/node/v12.22.12/bin:/home/lucas/.local/bin:/usr/local/sbin:/usr/local/bin:/usr/sbin:/usr/bin:/sbin:/bin:/usr/games:/usr/local/games:/snap/bin:/usr/lib/jvm/java-17-oracle/bin:/usr/lib/jvm/java-17-oracle/db/bin:/Library/Frameworks/Python.framework/Versions/3.8/bin
SHELL=/bin/bash
DISPLAY=:0
LANG=en_US.UTF-8

Signal Handlers:
   SIGSEGV: crash_handler in libjvm.so, mask=11100100010111111101111111111110, flags=SA_RESTART|SA_SIGINFO
    SIGBUS: crash_handler in libjvm.so, mask=11100100010111111101111111111110, flags=SA_RESTART|SA_SIGINFO
    SIGFPE: crash_handler in libjvm.so, mask=11100100010111111101111111111110, flags=SA_RESTART|SA_SIGINFO
   SIGPIPE: javaSignalHandler in libjvm.so, mask=11100100010111111101111111111110, flags=SA_RESTART|SA_SIGINFO
   SIGXFSZ: javaSignalHandler in libjvm.so, mask=11100100010111111101111111111110, flags=SA_RESTART|SA_SIGINFO
    SIGILL: crash_handler in libjvm.so, mask=11100100010111111101111111111110, flags=SA_RESTART|SA_SIGINFO
   SIGUSR2: SR_handler in libjvm.so, mask=00000000000000000000000000000000, flags=SA_RESTART|SA_SIGINFO
    SIGHUP: UserHandler in libjvm.so, mask=11100100010111111101111111111110, flags=SA_RESTART|SA_SIGINFO
    SIGINT: UserHandler in libjvm.so, mask=11100100010111111101111111111110, flags=SA_RESTART|SA_SIGINFO
   SIGTERM: UserHandler in libjvm.so, mask=11100100010111111101111111111110, flags=SA_RESTART|SA_SIGINFO
   SIGQUIT: UserHandler in libjvm.so, mask=11100100010111111101111111111110, flags=SA_RESTART|SA_SIGINFO
  *** Handler was modified!
  *** Expected: javaSignalHandler in libjvm.so, mask=11100100110111111111111111111110, flags=SA_RESTART|SA_SIGINFO
   SIGTRAP: crash_handler in libjvm.so, mask=11100100010111111101111111111110, flags=SA_RESTART|SA_SIGINFO


---------------  S Y S T E M  ---------------

OS:
DISTRIB_ID=LinuxMint
DISTRIB_RELEASE=20
DISTRIB_CODENAME=ulyana
DISTRIB_DESCRIPTION="Linux Mint 20 Ulyana"
uname: Linux 5.4.0-122-generic #138-Ubuntu SMP Wed Jun 22 15:00:31 UTC 2022 x86_64
OS uptime: 0 days 5:39 hours
libc: glibc 2.31 NPTL 2.31 
rlimit (soft/hard): STACK 8192k/infinity , CORE 0k/infinity , NPROC 63365/63365 , NOFILE 1048576/1048576 , AS infinity/infinity , CPU infinity/infinity , DATA infinity/infinity , FSIZE infinity/infinity , MEMLOCK 65536k/65536k
load average: 0,40 0,50 0,73

/proc/meminfo:
MemTotal:       16316744 kB
MemFree:         7287628 kB
MemAvailable:   13468128 kB
Buffers:          505748 kB
Cached:          5757424 kB
SwapCached:            0 kB
Active:          4770880 kB
Inactive:        3506048 kB
Active(anon):    2025556 kB
Inactive(anon):    90520 kB
Active(file):    2745324 kB
Inactive(file):  3415528 kB
Unevictable:         128 kB
Mlocked:             128 kB
SwapTotal:       2097148 kB
SwapFree:        2097148 kB
Dirty:              1228 kB
Writeback:             0 kB
AnonPages:       2015328 kB
Mapped:           748064 kB
Shmem:            103956 kB
KReclaimable:     355584 kB
Slab:             550680 kB
SReclaimable:     355584 kB
SUnreclaim:       195096 kB
KernelStack:       17952 kB
PageTables:        26076 kB
NFS_Unstable:          0 kB
Bounce:                0 kB
WritebackTmp:          0 kB
CommitLimit:    10255520 kB
Committed_AS:    9426020 kB
VmallocTotal:   34359738367 kB
VmallocUsed:       35828 kB
VmallocChunk:          0 kB
Percpu:            26368 kB
HardwareCorrupted:     0 kB
AnonHugePages:         0 kB
ShmemHugePages:        0 kB
ShmemPmdMapped:        0 kB
FileHugePages:         0 kB
FilePmdMapped:         0 kB
CmaTotal:              0 kB
CmaFree:               0 kB
HugePages_Total:       0
HugePages_Free:        0
HugePages_Rsvd:        0
HugePages_Surp:        0
Hugepagesize:       2048 kB
Hugetlb:               0 kB
DirectMap4k:      587752 kB
DirectMap2M:     9828352 kB
DirectMap1G:     7340032 kB

/sys/kernel/mm/transparent_hugepage/enabled: always [madvise] never
/sys/kernel/mm/transparent_hugepage/defrag (defrag/compaction efforts parameter): always defer defer+madvise [madvise] never

Process Memory:
Virtual Size: 3638548K (peak: 3638548K)
Resident Set Size: 83092K (peak: 83092K) (anon: 57748K, file: 25344K, shmem: 0K)
Swapped out: 0K
C-Heap outstanding allocations: 16035K

/proc/sys/kernel/threads-max (system-wide limit on the number of threads): 126731
/proc/sys/vm/max_map_count (maximum number of memory map areas a process may have): 65530
/proc/sys/kernel/pid_max (system-wide limit on number of process identifiers): 4194304

container (cgroup) information:
container_type: cgroupv1
cpu_cpuset_cpus: 0-7
cpu_memory_nodes: 0
active_processor_count: 8
cpu_quota: no quota
cpu_period: 100000
cpu_shares: no shares
memory_limit_in_bytes: unlimited
memory_and_swap_limit_in_bytes: not supported
memory_soft_limit_in_bytes: unlimited
memory_usage_in_bytes: 6261121024
memory_max_usage_in_bytes: 8063873024
maximum number of tasks: unlimited
current number of tasks: 355

Steal ticks since vm start: 0
Steal ticks percentage since vm start:  0,000

CPU: total 8 (initial active 8) (8 cores per cpu, 2 threads per core) family 23 model 113 stepping 0 microcode 0x8701013, cx8, cmov, fxsr, ht, mmx, 3dnowpref, sse, sse2, sse3, ssse3, sse4a, sse4.1, sse4.2, popcnt, lzcnt, tsc, tscinvbit, avx, avx2, aes, clmul, bmi1, bmi2, adx, sha, fma, vzeroupper, clflush, clflushopt
CPU Model and flags from /proc/cpuinfo:
model name	: AMD Ryzen 3 3300X 4-Core Processor
flags		: fpu vme de pse tsc msr pae mce cx8 apic sep mtrr pge mca cmov pat pse36 clflush mmx fxsr sse sse2 ht syscall nx mmxext fxsr_opt pdpe1gb rdtscp lm constant_tsc rep_good nopl nonstop_tsc cpuid extd_apicid aperfmperf pni pclmulqdq monitor ssse3 fma cx16 sse4_1 sse4_2 movbe popcnt aes xsave avx f16c rdrand lahf_lm cmp_legacy svm extapic cr8_legacy abm sse4a misalignsse 3dnowprefetch osvw ibs skinit wdt tce topoext perfctr_core perfctr_nb bpext perfctr_llc mwaitx cpb cat_l3 cdp_l3 hw_pstate sme ssbd mba sev ibpb stibp vmmcall fsgsbase bmi1 avx2 smep bmi2 cqm rdt_a rdseed adx smap clflushopt clwb sha_ni xsaveopt xsavec xgetbv1 xsaves cqm_llc cqm_occup_llc cqm_mbm_total cqm_mbm_local clzero irperf xsaveerptr wbnoinvd arat npt lbrv svm_lock nrip_save tsc_scale vmcb_clean flushbyasid decodeassists pausefilter pfthreshold avic v_vmsave_vmload vgif umip rdpid overflow_recov succor smca

Online cpus: 0-7
Offline cpus: 8-31
BIOS frequency limitation: 3800000
Frequency switch latency (ns): 0
Available cpu frequencies: 3800000 2800000 2200000 
Current governor: ondemand
Core performance/turbo boost: 1

Memory: 4k page, physical 16316744k(7287124k free), swap 2097148k(2097148k free)
Page Sizes: 4k

vm_info: OpenJDK 64-Bit Server VM (17.0.3+7) for linux-amd64 JRE (17.0.3+7), built on Apr 19 2022 21:30:15 by "" with gcc 10.3.0

END.
